# JRE version: 7.0_25-b17
# Java VM: Java HotSpot(TM) Client VM (23.25-b01 mixed mode, sharing windows-x86 )
Heap
 def new generation   total 4928K, used 3757K [0x24450000, 0x249a0000, 0x299a0000)
  eden space 4416K,  80% used [0x24450000, 0x247cc778, 0x248a0000)
  from space 512K,  36% used [0x248a0000, 0x248cefd0, 0x24920000)
  to   space 512K,   0% used [0x24920000, 0x24920000, 0x249a0000)
 tenured generation   total 10944K, used 3886K [0x299a0000, 0x2a450000, 0x34450000)
   the space 10944K,  35% used [0x299a0000, 0x29d6bba0, 0x29d6bc00, 0x2a450000)
 compacting perm gen  total 12288K, used 5756K [0x34450000, 0x35050000, 0x38450000)
   the space 12288K,  46% used [0x34450000, 0x349ef148, 0x349ef200, 0x35050000)
    ro space 10240K,  42% used [0x38450000, 0x38894240, 0x38894400, 0x38e50000)
    rw space 12288K,  54% used [0x38e50000, 0x394d4d58, 0x394d4e00, 0x39a50000)
GC Heap History (10 events):
Event: 7.700 GC heap before
{Heap before GC invocations=17 (full 0):
 def new generation   total 4928K, used 4632K [0x24450000, 0x249a0000, 0x299a0000)
  eden space 4416K, 100% used [0x24450000, 0x248a0000, 0x248a0000)
  from space 512K,  42% used [0x24920000, 0x249560f0, 0x249a0000)
  to   space 512K,   0% used [0x248a0000, 0x248a0000, 0x24920000)
 tenured generation   total 10944K, used 3867K [0x299a0000, 0x2a450000, 0x34450000)
   the space 10944K,  35% used [0x299a0000, 0x29d66e58, 0x29d67000, 0x2a450000)
 compacting perm gen  total 12288K, used 5352K [0x34450000, 0x35050000, 0x38450000)
   the space 12288K,  43% used [0x34450000, 0x3498a250, 0x3498a400, 0x35050000)
    ro space 10240K,  42% used [0x38450000, 0x38894240, 0x38894400, 0x38e50000)
    rw space 12288K,  54% used [0x38e50000, 0x394d4d58, 0x394d4e00, 0x39a50000)
Event: 7.701 GC heap after
Heap after GC invocations=18 (full 0):
 def new generation   total 4928K, used 216K [0x24450000, 0x249a0000, 0x299a0000)
  eden space 4416K,   0% used [0x24450000, 0x24450000, 0x248a0000)
  from space 512K,  42% used [0x248a0000, 0x248d60a0, 0x24920000)
  to   space 512K,   0% used [0x24920000, 0x24920000, 0x249a0000)
 tenured generation   total 10944K, used 3867K [0x299a0000, 0x2a450000, 0x34450000)
   the space 10944K,  35% used [0x299a0000, 0x29d66e58, 0x29d67000, 0x2a450000)
 compacting perm gen  total 12288K, used 5352K [0x34450000, 0x35050000, 0x38450000)
   the space 12288K,  43% used [0x34450000, 0x3498a250, 0x3498a400, 0x35050000)
    ro space 10240K,  42% used [0x38450000, 0x38894240, 0x38894400, 0x38e50000)
    rw space 12288K,  54% used [0x38e50000, 0x394d4d58, 0x394d4e00, 0x39a50000)
}
Event: 7.735 GC heap before
{Heap before GC invocations=18 (full 0):
 def new generation   total 4928K, used 4632K [0x24450000, 0x249a0000, 0x299a0000)
  eden space 4416K, 100% used [0x24450000, 0x248a0000, 0x248a0000)
  from space 512K,  42% used [0x248a0000, 0x248d60a0, 0x24920000)
  to   space 512K,   0% used [0x24920000, 0x24920000, 0x249a0000)
 tenured generation   total 10944K, used 3867K [0x299a0000, 0x2a450000, 0x34450000)
   the space 10944K,  35% used [0x299a0000, 0x29d66e58, 0x29d67000, 0x2a450000)
 compacting perm gen  total 12288K, used 5352K [0x34450000, 0x35050000, 0x38450000)
   the space 12288K,  43% used [0x34450000, 0x3498a250, 0x3498a400, 0x35050000)
    ro space 10240K,  42% used [0x38450000, 0x38894240, 0x38894400, 0x38e50000)
    rw space 12288K,  54% used [0x38e50000, 0x394d4d58, 0x394d4e00, 0x39a50000)
Event: 7.736 GC heap after
Heap after GC invocations=19 (full 0):
 def new generation   total 4928K, used 216K [0x24450000, 0x249a0000, 0x299a0000)
  eden space 4416K,   0% used [0x24450000, 0x24450000, 0x248a0000)
  from space 512K,  42% used [0x24920000, 0x24956058, 0x249a0000)
  to   space 512K,   0% used [0x248a0000, 0x248a0000, 0x24920000)
 tenured generation   total 10944K, used 3867K [0x299a0000, 0x2a450000, 0x34450000)
   the space 10944K,  35% used [0x299a0000, 0x29d66e58, 0x29d67000, 0x2a450000)
 compacting perm gen  total 12288K, used 5352K [0x34450000, 0x35050000, 0x38450000)
   the space 12288K,  43% used [0x34450000, 0x3498a250, 0x3498a400, 0x35050000)
    ro space 10240K,  42% used [0x38450000, 0x38894240, 0x38894400, 0x38e50000)
    rw space 12288K,  54% used [0x38e50000, 0x394d4d58, 0x394d4e00, 0x39a50000)
}
Event: 7.774 GC heap before
{Heap before GC invocations=19 (full 0):
 def new generation   total 4928K, used 4632K [0x24450000, 0x249a0000, 0x299a0000)
  eden space 4416K, 100% used [0x24450000, 0x248a0000, 0x248a0000)
  from space 512K,  42% used [0x24920000, 0x24956058, 0x249a0000)
  to   space 512K,   0% used [0x248a0000, 0x248a0000, 0x24920000)
 tenured generation   total 10944K, used 3867K [0x299a0000, 0x2a450000, 0x34450000)
   the space 10944K,  35% used [0x299a0000, 0x29d66e58, 0x29d67000, 0x2a450000)
 compacting perm gen  total 12288K, used 5352K [0x34450000, 0x35050000, 0x38450000)
   the space 12288K,  43% used [0x34450000, 0x3498a250, 0x3498a400, 0x35050000)
    ro space 10240K,  42% used [0x38450000, 0x38894240, 0x38894400, 0x38e50000)
    rw space 12288K,  54% used [0x38e50000, 0x394d4d58, 0x394d4e00, 0x39a50000)
Event: 7.774 GC heap after
Heap after GC invocations=20 (full 0):
 def new generation   total 4928K, used 210K [0x24450000, 0x249a0000, 0x299a0000)
  eden space 4416K,   0% used [0x24450000, 0x24450000, 0x248a0000)
  from space 512K,  41% used [0x248a0000, 0x248d49b8, 0x24920000)
  to   space 512K,   0% used [0x24920000, 0x24920000, 0x249a0000)
 tenured generation   total 10944K, used 3873K [0x299a0000, 0x2a450000, 0x34450000)
   the space 10944K,  35% used [0x299a0000, 0x29d68540, 0x29d68600, 0x2a450000)
 compacting perm gen  total 12288K, used 5352K [0x34450000, 0x35050000, 0x38450000)
   the space 12288K,  43% used [0x34450000, 0x3498a250, 0x3498a400, 0x35050000)
    ro space 10240K,  42% used [0x38450000, 0x38894240, 0x38894400, 0x38e50000)
    rw space 12288K,  54% used [0x38e50000, 0x394d4d58, 0x394d4e00, 0x39a50000)
}
Event: 7.808 GC heap before
{Heap before GC invocations=20 (full 0):
 def new generation   total 4928K, used 4626K [0x24450000, 0x249a0000, 0x299a0000)
  eden space 4416K, 100% used [0x24450000, 0x248a0000, 0x248a0000)
  from space 512K,  41% used [0x248a0000, 0x248d49b8, 0x24920000)
  to   space 512K,   0% used [0x24920000, 0x24920000, 0x249a0000)
 tenured generation   total 10944K, used 3873K [0x299a0000, 0x2a450000, 0x34450000)
   the space 10944K,  35% used [0x299a0000, 0x29d68540, 0x29d68600, 0x2a450000)
 compacting perm gen  total 12288K, used 5352K [0x34450000, 0x35050000, 0x38450000)
   the space 12288K,  43% used [0x34450000, 0x3498a250, 0x3498a400, 0x35050000)
    ro space 10240K,  42% used [0x38450000, 0x38894240, 0x38894400, 0x38e50000)
    rw space 12288K,  54% used [0x38e50000, 0x394d4d58, 0x394d4e00, 0x39a50000)
Event: 7.809 GC heap after
Heap after GC invocations=21 (full 0):
 def new generation   total 4928K, used 205K [0x24450000, 0x249a0000, 0x299a0000)
  eden space 4416K,   0% used [0x24450000, 0x24450000, 0x248a0000)
  from space 512K,  40% used [0x24920000, 0x24953558, 0x249a0000)
  to   space 512K,   0% used [0x248a0000, 0x248a0000, 0x24920000)
 tenured generation   total 10944K, used 3878K [0x299a0000, 0x2a450000, 0x34450000)
   the space 10944K,  35% used [0x299a0000, 0x29d699c8, 0x29d69a00, 0x2a450000)
 compacting perm gen  total 12288K, used 5352K [0x34450000, 0x35050000, 0x38450000)
   the space 12288K,  43% used [0x34450000, 0x3498a250, 0x3498a400, 0x35050000)
    ro space 10240K,  42% used [0x38450000, 0x38894240, 0x38894400, 0x38e50000)
    rw space 12288K,  54% used [0x38e50000, 0x394d4d58, 0x394d4e00, 0x39a50000)
}
Event: 7.866 GC heap before
{Heap before GC invocations=21 (full 0):
 def new generation   total 4928K, used 4621K [0x24450000, 0x249a0000, 0x299a0000)
  eden space 4416K, 100% used [0x24450000, 0x248a0000, 0x248a0000)
  from space 512K,  40% used [0x24920000, 0x24953558, 0x249a0000)
  to   space 512K,   0% used [0x248a0000, 0x248a0000, 0x24920000)
 tenured generation   total 10944K, used 3878K [0x299a0000, 0x2a450000, 0x34450000)
   the space 10944K,  35% used [0x299a0000, 0x29d699c8, 0x29d69a00, 0x2a450000)
 compacting perm gen  total 12288K, used 5411K [0x34450000, 0x35050000, 0x38450000)
   the space 12288K,  44% used [0x34450000, 0x34998e50, 0x34999000, 0x35050000)
    ro space 10240K,  42% used [0x38450000, 0x38894240, 0x38894400, 0x38e50000)
    rw space 12288K,  54% used [0x38e50000, 0x394d4d58, 0x394d4e00, 0x39a50000)
Event: 7.867 GC heap after
Heap after GC invocations=22 (full 0):
 def new generation   total 4928K, used 187K [0x24450000, 0x249a0000, 0x299a0000)
  eden space 4416K,   0% used [0x24450000, 0x24450000, 0x248a0000)
  from space 512K,  36% used [0x248a0000, 0x248cefd0, 0x24920000)
  to   space 512K,   0% used [0x24920000, 0x24920000, 0x249a0000)
 tenured generation   total 10944K, used 3886K [0x299a0000, 0x2a450000, 0x34450000)
   the space 10944K,  35% used [0x299a0000, 0x29d6bba0, 0x29d6bc00, 0x2a450000)
 compacting perm gen  total 12288K, used 5411K [0x34450000, 0x35050000, 0x38450000)
   the space 12288K,  44% used [0x34450000, 0x34998e50, 0x34999000, 0x35050000)
    ro space 10240K,  42% used [0x38450000, 0x38894240, 0x38894400, 0x38e50000)
    rw space 12288K,  54% used [0x38e50000, 0x394d4d58, 0x394d4e00, 0x39a50000)
}

